[21:03:04] [ServerMain/INFO]: [bootstrap] Running Java 21 (OpenJDK 64-Bit Server VM 21.0.5+11-Ubuntu-1ubuntu120.04; Ubuntu null) on Linux 6.5.0-1025-azure (amd64)
[21:03:04] [ServerMain/INFO]: [bootstrap] Loading Paper 1.21.1-57-master@b483da4 (2024-09-01T18:09:05Z) for Minecraft 1.21.1
[21:03:04] [ServerMain/INFO]: [PluginInitializerManager] Initializing plugins...
[21:03:05] [Paper Plugin Remapper Thread - 0/INFO]: [PluginRemapper] Remapping plugin 'plugins/SkinsRestorer.jar'...
[21:03:08] [Paper Plugin Remapper Thread - 0/INFO]: [PluginRemapper] Done remapping plugin 'plugins/SkinsRestorer.jar' in 3008ms.
[21:03:08] [ServerMain/INFO]: [PluginInitializerManager] Initialized 2 plugins
[21:03:08] [ServerMain/INFO]: [PluginInitializerManager] Bukkit plugins (2):
 - SimpleTpa (7.4), SkinsRestorer (15.5.1)
[21:03:15] [ServerMain/INFO]: Environment: Environment[sessionHost=https://sessionserver.mojang.com, servicesHost=https://api.minecraftservices.com, name=PROD]
[21:03:18] [ServerMain/INFO]: Loaded 1290 recipes
[21:03:18] [ServerMain/INFO]: Loaded 1399 advancements
[21:03:18] [Server thread/INFO]: Starting minecraft server version 1.21.1
[21:03:18] [Server thread/INFO]: Loading properties
[21:03:18] [Server thread/INFO]: This server is running Paper version 1.21.1-57-master@b483da4 (2024-09-01T18:09:05Z) (Implementing API version 1.21.1-R0.1-SNAPSHOT)
[21:03:19] [Server thread/INFO]: [spark] This server bundles the spark profiler. For more information please visit https://docs.papermc.io/paper/profiling
[21:03:19] [Server thread/INFO]: Using 4 threads for Netty based IO
[21:03:19] [Server thread/INFO]: Server Ping Player Sample Count: 12
[21:03:20] [Server thread/INFO]: [ChunkTaskScheduler] Chunk system is using 1 I/O threads, 1 worker threads, and population gen parallelism of 1 threads
[21:03:21] [Server thread/INFO]: Default game type: SURVIVAL
[21:03:21] [Server thread/INFO]: Generating keypair
[21:03:21] [Server thread/INFO]: Starting Minecraft server on *:25565
[21:03:21] [Server thread/INFO]: Using epoll channel type
[21:03:21] [Server thread/INFO]: Paper: Using libdeflate (Linux x86_64) compression from Velocity.
[21:03:21] [Server thread/INFO]: Paper: Using OpenSSL 1.1.x (Linux x86_64) cipher from Velocity.
[21:03:21] [Server thread/INFO]: [SkinsRestorer] Loading server plugin SkinsRestorer v15.5.1
[21:03:21] [Server thread/INFO]: [SimpleTpa] Loading server plugin SimpleTpa v7.4
[21:03:21] [Server thread/INFO]: Server permissions file permissions.yml is empty, ignoring it
[21:03:21] [Server thread/INFO]: [SkinsRestorer] Enabling SkinsRestorer v15.5.1
[21:03:23] [Server thread/WARN]: [SkinsRestorer] You must agree to the rules at 'commands.perSkinPermissionsConsent' in the config to use per skin permissions.
[21:03:24] [Server thread/INFO]: [SkinsRestorer] Running on Minecraft 1.21.1.
[21:03:25] [Server thread/INFO]: [SkinsRestorer] Using paper join listener!
[21:03:25] [Server thread/WARN]: **** SERVER IS RUNNING IN OFFLINE/INSECURE MODE!
[21:03:25] [Server thread/WARN]: The server will make no attempt to authenticate usernames. Beware.
[21:03:25] [Server thread/WARN]: While this makes the game possible to play without internet access, it also opens up the ability for hackers to connect with any username they choose.
[21:03:25] [Server thread/WARN]: To change this, set "online-mode" to "true" in the server.properties file.
[21:03:25] [Server thread/INFO]: Preparing level "world"
[21:03:25] [Folia Async Scheduler Thread #1/INFO]: [SkinsRestorer] ----------------------------------------------
[21:03:25] [Folia Async Scheduler Thread #1/INFO]: [SkinsRestorer]     +==================+
[21:03:25] [Folia Async Scheduler Thread #1/INFO]: [SkinsRestorer]     |   SkinsRestorer  |
[21:03:25] [Folia Async Scheduler Thread #1/INFO]: [SkinsRestorer]     |------------------|
[21:03:25] [Folia Async Scheduler Thread #1/INFO]: [SkinsRestorer]     |  Standalone Mode |
[21:03:25] [Folia Async Scheduler Thread #1/INFO]: [SkinsRestorer]     +==================+
[21:03:25] [Folia Async Scheduler Thread #1/INFO]: [SkinsRestorer] ----------------------------------------------
[21:03:25] [Folia Async Scheduler Thread #1/INFO]: [SkinsRestorer]     Version: 15.5.1
[21:03:25] [Folia Async Scheduler Thread #1/INFO]: [SkinsRestorer]     Commit: d5d8613
[21:03:25] [Folia Async Scheduler Thread #1/INFO]: [SkinsRestorer]     This is the latest version!
[21:03:25] [Folia Async Scheduler Thread #1/INFO]: [SkinsRestorer] ----------------------------------------------
[21:03:25] [Folia Async Scheduler Thread #1/INFO]: [SkinsRestorer] Do you have issues? Read our troubleshooting guide: https://skinsrestorer.net/docs/troubleshooting
[21:03:25] [Folia Async Scheduler Thread #1/INFO]: [SkinsRestorer] Want to support SkinsRestorer? Consider donating: https://skinsrestorer.net/donate
[21:03:26] [Server thread/INFO]: Preparing start region for dimension minecraft:overworld
[21:03:28] [Server thread/INFO]: Time elapsed: 2077 ms
[21:03:28] [Server thread/INFO]: Preparing start region for dimension minecraft:the_nether
[21:03:28] [Server thread/INFO]: Time elapsed: 459 ms
[21:03:28] [Server thread/INFO]: Preparing start region for dimension minecraft:the_end
[21:03:28] [Server thread/INFO]: Time elapsed: 181 ms
[21:03:28] [Server thread/INFO]: [SimpleTpa] Enabling SimpleTpa v7.4
[21:03:28] [Server thread/INFO]: [SimpleTpa] If you need support contact me at https://discord.gg/SZUkza9
[21:03:28] [Server thread/INFO]: [SimpleTpa] Simple Tpa has been enabled on version 7.4
[21:03:29] [Server thread/INFO]: Enabled metrics. You may opt-out by changing plugins/bStats/config.yml
[21:03:29] [Server thread/INFO]: [spark] Starting background profiler...
[21:03:29] [Server thread/INFO]: Done preparing level "world" (4.165s)
[21:03:29] [Server thread/INFO]: Running delayed init tasks
[21:03:29] [Server thread/INFO]: Done (26.720s)! For help, type "help"
[21:03:29] [Server thread/INFO]: Timings Reset
[21:03:33] [User Authenticator #0/INFO]: UUID of player bjotas is 31694f1c-e73c-3b2a-8156-706c0d4c64cd
[21:03:36] [Server thread/INFO]: bjotas joined the game
[21:03:36] [Server thread/INFO]: bjotas[/127.0.94.74:37003] logged in with entity id 75 at ([world]5.50642563498745, 94.0, -17.197502317987713)
[21:03:59] [User Authenticator #0/INFO]: UUID of player Doffe is 966e33d6-83c7-375c-af7d-a2b81ef9cd9c
[21:04:01] [Server thread/INFO]: Doffe joined the game
[21:04:01] [Server thread/INFO]: Doffe[/127.210.4.35:59021] logged in with entity id 315 at ([world]-66.45167144742754, 72.0, -26.276396742262968)
[21:04:08] [Server thread/INFO]: Doffe issued server command: /tp bjotas
[21:04:08] [Server thread/INFO]: [Doffe: Teleported Doffe to bjotas]
[21:04:24] [User Authenticator #0/INFO]: UUID of player AtroxX6 is d25ae1fe-0155-3fdf-9a47-64b14499fbed
[21:04:26] [Server thread/INFO]: AtroxX6 joined the game
[21:04:26] [Server thread/INFO]: AtroxX6[/127.27.218.22:42601] logged in with entity id 414 at ([world]5.5, 95.0, 8.5)
[21:05:11] [Server thread/INFO]: Doffe issued server command: /gamemode spectator
[21:05:11] [Server thread/INFO]: [Doffe: Set own game mode to Spectator Mode]
[21:05:12] [Server thread/INFO]: Doffe issued server command: /gamemode survival
[21:05:12] [Server thread/INFO]: [Doffe: Set own game mode to Survival Mode]
[21:05:13] [Server thread/INFO]: Doffe issued server command: /gamemode spectator
[21:05:13] [Server thread/INFO]: [Doffe: Set own game mode to Spectator Mode]
[21:05:13] [Server thread/INFO]: Doffe issued server command: /gamemode survival
[21:05:13] [Server thread/INFO]: [Doffe: Set own game mode to Survival Mode]
[21:05:29] [Server thread/INFO]: Doffe hit the ground too hard
[21:05:36] [Server thread/INFO]: Doffe issued server command: /tp AtroxX6
[21:05:36] [Server thread/INFO]: [Doffe: Teleported Doffe to AtroxX6]
[21:05:43] [Server thread/INFO]: bjotas fell from a high place
[21:06:18] [Server thread/INFO]: AtroxX6 has made the advancement [Stone Age]
[21:06:27] [Server thread/INFO]: Doffe has made the advancement [Stone Age]
[21:06:46] [Server thread/INFO]: AtroxX6 has made the advancement [Getting an Upgrade]
[21:07:01] [Server thread/INFO]: Doffe has made the advancement [Getting an Upgrade]
[21:08:13] [Server thread/INFO]: bjotas has made the advancement [Stone Age]
[21:08:42] [Server thread/INFO]: bjotas has made the advancement [Getting an Upgrade]
[21:08:58] [User Authenticator #1/INFO]: UUID of player juancho_200 is b2db16f5-476d-354e-8ed1-7b595932f296
[21:09:01] [Server thread/INFO]: juancho_200 joined the game
[21:09:01] [Server thread/INFO]: juancho_200[/127.50.119.23:33059] logged in with entity id 1486 at ([world]8.5, 88.0, 3.5)
[21:09:14] [Server thread/INFO]: Doffe issued server command: /tp AtroxX6 Doffe
[21:09:14] [Server thread/INFO]: [Doffe: Teleported AtroxX6 to Doffe]
[21:09:19] [Server thread/INFO]: bjotas has made the advancement [Monster Hunter]
[21:10:19] [Async Chat Thread - #1/INFO]: [Not Secure] <bjotas> asd
[21:10:22] [Async Chat Thread - #1/INFO]: [Not Secure] <Doffe> asd
[21:10:31] [Async Chat Thread - #1/INFO]: [Not Secure] <juancho_200> tp a @bjotas
[21:10:39] [Async Chat Thread - #1/INFO]: [Not Secure] <bjotas> ./tpabjotas
[21:10:53] [Server thread/INFO]: juancho_200 issued server command: /tpa bjotas
[21:11:02] [Server thread/INFO]: bjotas issued server command: /tpaccept
[21:11:36] [Server thread/INFO]: juancho_200 issued server command: /tpa bjotas
[21:11:40] [Server thread/INFO]: bjotas issued server command: /tpaccept
[21:12:40] [Server thread/INFO]: Doffe has made the advancement [Acquire Hardware]
